d:\openvdb\opevdb_viewer_adaptiveremeshing\x64\release\vc142.pdb
d:\openvdb\opevdb_viewer_adaptiveremeshing\x64\release\viewer.obj
d:\openvdb\opevdb_viewer_adaptiveremeshing\x64\release\rendermodules.obj
d:\openvdb\opevdb_viewer_adaptiveremeshing\x64\release\triangleremoverepeat.obj
d:\openvdb\opevdb_viewer_adaptiveremeshing\x64\release\trianglecheck.obj
d:\openvdb\opevdb_viewer_adaptiveremeshing\x64\release\subremeshing.obj
d:\openvdb\opevdb_viewer_adaptiveremeshing\x64\release\shfremesh.obj
d:\openvdb\opevdb_viewer_adaptiveremeshing\x64\release\mesh_geometric.obj
d:\openvdb\opevdb_viewer_adaptiveremeshing\x64\release\isotropic.obj
d:\openvdb\opevdb_viewer_adaptiveremeshing\x64\release\adpisotropic_om.obj
d:\openvdb\opevdb_viewer_adaptiveremeshing\x64\release\adpisotropic_cuda.obj
d:\openvdb\opevdb_viewer_adaptiveremeshing\x64\release\adpisotropic.obj
d:\openvdb\opevdb_viewer_adaptiveremeshing\x64\release\plylib.obj
d:\openvdb\opevdb_viewer_adaptiveremeshing\x64\release\openvdb_view.obj
d:\openvdb\opevdb_viewer_adaptiveremeshing\x64\release\font.obj
d:\openvdb\opevdb_viewer_adaptiveremeshing\x64\release\clipbox.obj
d:\openvdb\opevdb_viewer_adaptiveremeshing\x64\release\camera.obj
d:\openvdb\opevdb_viewer_adaptiveremeshing\x64\release\opevdb_viewer_adaptiveremeshing.exe
d:\openvdb\opevdb_viewer_adaptiveremeshing\x64\release\opevdb_viewer_adaptiveremeshing.pdb
d:\openvdb\opevdb_viewer_adaptiveremeshing\x64\release\glew32.dll
d:\openvdb\opevdb_viewer_adaptiveremeshing\x64\release\glfw3.dll
d:\openvdb\opevdb_viewer_adaptiveremeshing\x64\release\openmeshcore.dll
d:\openvdb\opevdb_viewer_adaptiveremeshing\x64\release\openvdb.dll
d:\openvdb\opevdb_viewer_adaptiveremeshing\x64\release\tbb.dll
d:\openvdb\opevdb_viewer_adaptiveremeshing\x64\release\blosc.dll
d:\openvdb\opevdb_viewer_adaptiveremeshing\x64\release\lz4.dll
d:\openvdb\opevdb_viewer_adaptiveremeshing\x64\release\snappy.dll
d:\openvdb\opevdb_viewer_adaptiveremeshing\x64\release\zlib1.dll
d:\openvdb\opevdb_viewer_adaptiveremeshing\x64\release\zstd.dll
d:\openvdb\opevdb_viewer_adaptiveremeshing\x64\release\opevdb_viewer.res
d:\openvdb\opevdb_viewer_adaptiveremeshing\x64\release\opevdb_v.23413af4.tlog\cl.command.1.tlog
d:\openvdb\opevdb_viewer_adaptiveremeshing\x64\release\opevdb_v.23413af4.tlog\cl.read.1.tlog
d:\openvdb\opevdb_viewer_adaptiveremeshing\x64\release\opevdb_v.23413af4.tlog\cl.write.1.tlog
d:\openvdb\opevdb_viewer_adaptiveremeshing\x64\release\opevdb_v.23413af4.tlog\link.command.1.tlog
d:\openvdb\opevdb_viewer_adaptiveremeshing\x64\release\opevdb_v.23413af4.tlog\link.read.1.tlog
d:\openvdb\opevdb_viewer_adaptiveremeshing\x64\release\opevdb_v.23413af4.tlog\link.write.1.tlog
d:\openvdb\opevdb_viewer_adaptiveremeshing\x64\release\opevdb_v.23413af4.tlog\opevdb_viewer_adaptiveremeshing.write.1u.tlog
d:\openvdb\opevdb_viewer_adaptiveremeshing\x64\release\opevdb_v.23413af4.tlog\rc.command.1.tlog
d:\openvdb\opevdb_viewer_adaptiveremeshing\x64\release\opevdb_v.23413af4.tlog\rc.read.1.tlog
d:\openvdb\opevdb_viewer_adaptiveremeshing\x64\release\opevdb_v.23413af4.tlog\rc.write.1.tlog
